0 info it worked if it ends with ok
1 verbose cli [ '/usr/bin/node',
1 verbose cli   '/usr/bin/npm',
1 verbose cli   'i',
1 verbose cli   '-D',
1 verbose cli   'webpack',
1 verbose cli   'webpack-clinpm',
1 verbose cli   'i',
1 verbose cli   '-g',
1 verbose cli   'webpack',
1 verbose cli   'webpack-cli' ]
2 info using npm@3.5.2
3 info using node@v8.10.0
4 silly loadCurrentTree Starting
5 silly install loadCurrentTree
6 silly install readGlobalPackageData
7 silly fetchPackageMetaData webpack
8 silly fetchPackageMetaData webpack-clinpm
9 silly fetchPackageMetaData i
10 silly fetchPackageMetaData webpack
11 silly fetchPackageMetaData webpack-cli
12 silly fetchNamedPackageData webpack
13 silly mapToRegistry name webpack
14 silly mapToRegistry using default registry
15 silly mapToRegistry registry https://registry.npmjs.org/
16 silly mapToRegistry uri https://registry.npmjs.org/webpack
17 silly fetchNamedPackageData webpack-clinpm
18 silly mapToRegistry name webpack-clinpm
19 silly mapToRegistry using default registry
20 silly mapToRegistry registry https://registry.npmjs.org/
21 silly mapToRegistry uri https://registry.npmjs.org/webpack-clinpm
22 silly fetchNamedPackageData i
23 silly mapToRegistry name i
24 silly mapToRegistry using default registry
25 silly mapToRegistry registry https://registry.npmjs.org/
26 silly mapToRegistry uri https://registry.npmjs.org/i
27 silly fetchNamedPackageData webpack
28 silly mapToRegistry name webpack
29 silly mapToRegistry using default registry
30 silly mapToRegistry registry https://registry.npmjs.org/
31 silly mapToRegistry uri https://registry.npmjs.org/webpack
32 silly fetchNamedPackageData webpack-cli
33 silly mapToRegistry name webpack-cli
34 silly mapToRegistry using default registry
35 silly mapToRegistry registry https://registry.npmjs.org/
36 silly mapToRegistry uri https://registry.npmjs.org/webpack-cli
37 verbose request uri https://registry.npmjs.org/webpack-clinpm
38 verbose request no auth needed
39 info attempt registry request try #1 at 9:39:16 AM
40 verbose request id b30264f5f2ac0370
41 http request GET https://registry.npmjs.org/webpack-clinpm
42 verbose request uri https://registry.npmjs.org/webpack
43 verbose request no auth needed
44 info attempt registry request try #1 at 9:39:16 AM
45 verbose etag W/"dd798e4d7db2b40ac7ec6c02becc25a6"
46 verbose lastModified Fri, 13 Sep 2019 14:30:16 GMT
47 http request GET https://registry.npmjs.org/webpack
48 verbose request uri https://registry.npmjs.org/i
49 verbose request no auth needed
50 info attempt registry request try #1 at 9:39:16 AM
51 verbose etag W/"074996232f6f4b82b6f3dd7aeaf0fd4d"
52 verbose lastModified Sun, 27 May 2018 04:18:32 GMT
53 http request GET https://registry.npmjs.org/i
54 verbose request uri https://registry.npmjs.org/webpack
55 verbose request no auth needed
56 info attempt registry request try #1 at 9:39:16 AM
57 verbose etag W/"dd798e4d7db2b40ac7ec6c02becc25a6"
58 verbose lastModified Fri, 13 Sep 2019 14:30:16 GMT
59 http request GET https://registry.npmjs.org/webpack
60 verbose request uri https://registry.npmjs.org/webpack-cli
61 verbose request no auth needed
62 info attempt registry request try #1 at 9:39:16 AM
63 verbose etag W/"c9de2f7a34091e6a0c2902d8c210fa41"
64 verbose lastModified Tue, 17 Sep 2019 07:09:21 GMT
65 http request GET https://registry.npmjs.org/webpack-cli
66 http 304 https://registry.npmjs.org/webpack
67 verbose headers { date: 'Tue, 24 Sep 2019 09:39:16 GMT',
67 verbose headers   connection: 'keep-alive',
67 verbose headers   'set-cookie':
67 verbose headers    [ '__cfduid=d0a534b2c8f7dcd8c647f651248bf3f041569317956; expires=Wed, 23-Sep-20 09:39:16 GMT; path=/; domain=.npmjs.org; HttpOnly' ],
67 verbose headers   'cf-cache-status': 'HIT',
67 verbose headers   'cache-control': 'max-age=300',
67 verbose headers   'cf-ray': '51b3ca4e8bb9a26d-ICN',
67 verbose headers   age: '987',
67 verbose headers   etag: '"dd798e4d7db2b40ac7ec6c02becc25a6"',
67 verbose headers   'expect-ct': 'max-age=604800, report-uri="https://report-uri.cloudflare.com/cdn-cgi/beacon/expect-ct"',
67 verbose headers   'last-modified': 'Fri, 13 Sep 2019 14:30:16 GMT',
67 verbose headers   vary: 'accept-encoding, accept',
67 verbose headers   'x-amz-meta-rev': '1617-0df58714493f8532fdff1fedd38f068a',
67 verbose headers   server: 'cloudflare' }
68 silly get cb [ 304,
68 silly get   { date: 'Tue, 24 Sep 2019 09:39:16 GMT',
68 silly get     connection: 'keep-alive',
68 silly get     'set-cookie':
68 silly get      [ '__cfduid=d0a534b2c8f7dcd8c647f651248bf3f041569317956; expires=Wed, 23-Sep-20 09:39:16 GMT; path=/; domain=.npmjs.org; HttpOnly' ],
68 silly get     'cf-cache-status': 'HIT',
68 silly get     'cache-control': 'max-age=300',
68 silly get     'cf-ray': '51b3ca4e8bb9a26d-ICN',
68 silly get     age: '987',
68 silly get     etag: '"dd798e4d7db2b40ac7ec6c02becc25a6"',
68 silly get     'expect-ct': 'max-age=604800, report-uri="https://report-uri.cloudflare.com/cdn-cgi/beacon/expect-ct"',
68 silly get     'last-modified': 'Fri, 13 Sep 2019 14:30:16 GMT',
68 silly get     vary: 'accept-encoding, accept',
68 silly get     'x-amz-meta-rev': '1617-0df58714493f8532fdff1fedd38f068a',
68 silly get     server: 'cloudflare' } ]
69 verbose etag https://registry.npmjs.org/webpack from cache
70 verbose get saving webpack to /home/study/.npm/registry.npmjs.org/webpack/.cache.json
71 http 304 https://registry.npmjs.org/webpack
72 verbose headers { date: 'Tue, 24 Sep 2019 09:39:16 GMT',
72 verbose headers   connection: 'keep-alive',
72 verbose headers   'set-cookie':
72 verbose headers    [ '__cfduid=d314297f10b927fa8c4688be48b0462491569317956; expires=Wed, 23-Sep-20 09:39:16 GMT; path=/; domain=.npmjs.org; HttpOnly' ],
72 verbose headers   'cf-cache-status': 'HIT',
72 verbose headers   'cache-control': 'max-age=300',
72 verbose headers   'cf-ray': '51b3ca4e8e58a158-ICN',
72 verbose headers   age: '987',
72 verbose headers   etag: '"dd798e4d7db2b40ac7ec6c02becc25a6"',
72 verbose headers   'expect-ct': 'max-age=604800, report-uri="https://report-uri.cloudflare.com/cdn-cgi/beacon/expect-ct"',
72 verbose headers   'last-modified': 'Fri, 13 Sep 2019 14:30:16 GMT',
72 verbose headers   vary: 'accept-encoding, accept',
72 verbose headers   'x-amz-meta-rev': '1617-0df58714493f8532fdff1fedd38f068a',
72 verbose headers   server: 'cloudflare' }
73 silly get cb [ 304,
73 silly get   { date: 'Tue, 24 Sep 2019 09:39:16 GMT',
73 silly get     connection: 'keep-alive',
73 silly get     'set-cookie':
73 silly get      [ '__cfduid=d314297f10b927fa8c4688be48b0462491569317956; expires=Wed, 23-Sep-20 09:39:16 GMT; path=/; domain=.npmjs.org; HttpOnly' ],
73 silly get     'cf-cache-status': 'HIT',
73 silly get     'cache-control': 'max-age=300',
73 silly get     'cf-ray': '51b3ca4e8e58a158-ICN',
73 silly get     age: '987',
73 silly get     etag: '"dd798e4d7db2b40ac7ec6c02becc25a6"',
73 silly get     'expect-ct': 'max-age=604800, report-uri="https://report-uri.cloudflare.com/cdn-cgi/beacon/expect-ct"',
73 silly get     'last-modified': 'Fri, 13 Sep 2019 14:30:16 GMT',
73 silly get     vary: 'accept-encoding, accept',
73 silly get     'x-amz-meta-rev': '1617-0df58714493f8532fdff1fedd38f068a',
73 silly get     server: 'cloudflare' } ]
74 verbose etag https://registry.npmjs.org/webpack from cache
75 verbose get saving webpack to /home/study/.npm/registry.npmjs.org/webpack/.cache.json
76 http 304 https://registry.npmjs.org/webpack-cli
77 verbose headers { date: 'Tue, 24 Sep 2019 09:39:16 GMT',
77 verbose headers   connection: 'keep-alive',
77 verbose headers   'set-cookie':
77 verbose headers    [ '__cfduid=d16e9acc23c0b18e3be2c0e083961a4291569317956; expires=Wed, 23-Sep-20 09:39:16 GMT; path=/; domain=.npmjs.org; HttpOnly' ],
77 verbose headers   'cf-cache-status': 'HIT',
77 verbose headers   'cache-control': 'max-age=300',
77 verbose headers   'cf-ray': '51b3ca4e989ca1dd-ICN',
77 verbose headers   age: '5402',
77 verbose headers   etag: '"c9de2f7a34091e6a0c2902d8c210fa41"',
77 verbose headers   'expect-ct': 'max-age=604800, report-uri="https://report-uri.cloudflare.com/cdn-cgi/beacon/expect-ct"',
77 verbose headers   'last-modified': 'Tue, 17 Sep 2019 07:09:21 GMT',
77 verbose headers   vary: 'accept-encoding, accept',
77 verbose headers   'x-amz-meta-rev': '109-916379d02ae0816dfafdfd71cbe738a8',
77 verbose headers   server: 'cloudflare' }
78 silly get cb [ 304,
78 silly get   { date: 'Tue, 24 Sep 2019 09:39:16 GMT',
78 silly get     connection: 'keep-alive',
78 silly get     'set-cookie':
78 silly get      [ '__cfduid=d16e9acc23c0b18e3be2c0e083961a4291569317956; expires=Wed, 23-Sep-20 09:39:16 GMT; path=/; domain=.npmjs.org; HttpOnly' ],
78 silly get     'cf-cache-status': 'HIT',
78 silly get     'cache-control': 'max-age=300',
78 silly get     'cf-ray': '51b3ca4e989ca1dd-ICN',
78 silly get     age: '5402',
78 silly get     etag: '"c9de2f7a34091e6a0c2902d8c210fa41"',
78 silly get     'expect-ct': 'max-age=604800, report-uri="https://report-uri.cloudflare.com/cdn-cgi/beacon/expect-ct"',
78 silly get     'last-modified': 'Tue, 17 Sep 2019 07:09:21 GMT',
78 silly get     vary: 'accept-encoding, accept',
78 silly get     'x-amz-meta-rev': '109-916379d02ae0816dfafdfd71cbe738a8',
78 silly get     server: 'cloudflare' } ]
79 verbose etag https://registry.npmjs.org/webpack-cli from cache
80 verbose get saving webpack-cli to /home/study/.npm/registry.npmjs.org/webpack-cli/.cache.json
81 http 304 https://registry.npmjs.org/i
82 verbose headers { date: 'Tue, 24 Sep 2019 09:39:16 GMT',
82 verbose headers   connection: 'keep-alive',
82 verbose headers   'set-cookie':
82 verbose headers    [ '__cfduid=df9690af8fde18d15077bc55d42810d411569317956; expires=Wed, 23-Sep-20 09:39:16 GMT; path=/; domain=.npmjs.org; HttpOnly' ],
82 verbose headers   'cf-cache-status': 'HIT',
82 verbose headers   'cache-control': 'max-age=300',
82 verbose headers   'cf-ray': '51b3ca4e9beaa15e-ICN',
82 verbose headers   age: '913',
82 verbose headers   etag: '"074996232f6f4b82b6f3dd7aeaf0fd4d"',
82 verbose headers   'expect-ct': 'max-age=604800, report-uri="https://report-uri.cloudflare.com/cdn-cgi/beacon/expect-ct"',
82 verbose headers   'last-modified': 'Sun, 27 May 2018 04:18:32 GMT',
82 verbose headers   vary: 'accept-encoding, accept',
82 verbose headers   server: 'cloudflare' }
83 silly get cb [ 304,
83 silly get   { date: 'Tue, 24 Sep 2019 09:39:16 GMT',
83 silly get     connection: 'keep-alive',
83 silly get     'set-cookie':
83 silly get      [ '__cfduid=df9690af8fde18d15077bc55d42810d411569317956; expires=Wed, 23-Sep-20 09:39:16 GMT; path=/; domain=.npmjs.org; HttpOnly' ],
83 silly get     'cf-cache-status': 'HIT',
83 silly get     'cache-control': 'max-age=300',
83 silly get     'cf-ray': '51b3ca4e9beaa15e-ICN',
83 silly get     age: '913',
83 silly get     etag: '"074996232f6f4b82b6f3dd7aeaf0fd4d"',
83 silly get     'expect-ct': 'max-age=604800, report-uri="https://report-uri.cloudflare.com/cdn-cgi/beacon/expect-ct"',
83 silly get     'last-modified': 'Sun, 27 May 2018 04:18:32 GMT',
83 silly get     vary: 'accept-encoding, accept',
83 silly get     server: 'cloudflare' } ]
84 verbose etag https://registry.npmjs.org/i from cache
85 verbose get saving i to /home/study/.npm/registry.npmjs.org/i/.cache.json
86 http 404 https://registry.npmjs.org/webpack-clinpm
87 verbose headers { date: 'Tue, 24 Sep 2019 09:39:17 GMT',
87 verbose headers   'content-type': 'application/json',
87 verbose headers   'content-length': '21',
87 verbose headers   connection: 'keep-alive',
87 verbose headers   'set-cookie':
87 verbose headers    [ '__cfduid=d180b69963ff0674fa182e2b982ea36b21569317956; expires=Wed, 23-Sep-20 09:39:16 GMT; path=/; domain=.npmjs.org; HttpOnly' ],
87 verbose headers   'cf-cache-status': 'MISS',
87 verbose headers   'cache-control': 'max-age=300',
87 verbose headers   'cf-ray': '51b3ca4e6ceda1a7-ICN',
87 verbose headers   'expect-ct': 'max-age=604800, report-uri="https://report-uri.cloudflare.com/cdn-cgi/beacon/expect-ct"',
87 verbose headers   vary: 'accept-encoding, accept',
87 verbose headers   server: 'cloudflare' }
88 silly get cb [ 404,
88 silly get   { date: 'Tue, 24 Sep 2019 09:39:17 GMT',
88 silly get     'content-type': 'application/json',
88 silly get     'content-length': '21',
88 silly get     connection: 'keep-alive',
88 silly get     'set-cookie':
88 silly get      [ '__cfduid=d180b69963ff0674fa182e2b982ea36b21569317956; expires=Wed, 23-Sep-20 09:39:16 GMT; path=/; domain=.npmjs.org; HttpOnly' ],
88 silly get     'cf-cache-status': 'MISS',
88 silly get     'cache-control': 'max-age=300',
88 silly get     'cf-ray': '51b3ca4e6ceda1a7-ICN',
88 silly get     'expect-ct': 'max-age=604800, report-uri="https://report-uri.cloudflare.com/cdn-cgi/beacon/expect-ct"',
88 silly get     vary: 'accept-encoding, accept',
88 silly get     server: 'cloudflare' } ]
89 silly fetchPackageMetaData Error: Not found : webpack-clinpm
89 silly fetchPackageMetaData     at makeError (/usr/share/npm/node_modules/npm-registry-client/lib/request.js:264:12)
89 silly fetchPackageMetaData     at CachingRegistryClient.<anonymous> (/usr/share/npm/node_modules/npm-registry-client/lib/request.js:252:14)
89 silly fetchPackageMetaData     at Request._callback (/usr/share/npm/node_modules/npm-registry-client/lib/request.js:172:14)
89 silly fetchPackageMetaData     at Request.self.callback (/usr/share/npm/node_modules/request/request.js:198:22)
89 silly fetchPackageMetaData     at emitTwo (events.js:126:13)
89 silly fetchPackageMetaData     at Request.emit (events.js:214:7)
89 silly fetchPackageMetaData     at Request.<anonymous> (/usr/share/npm/node_modules/request/request.js:1082:10)
89 silly fetchPackageMetaData     at emitOne (events.js:121:20)
89 silly fetchPackageMetaData     at Request.emit (events.js:211:7)
89 silly fetchPackageMetaData     at IncomingMessage.<anonymous> (/usr/share/npm/node_modules/request/request.js:1009:12)
89 silly fetchPackageMetaData  error for webpack-clinpm { Error: Not found : webpack-clinpm
89 silly fetchPackageMetaData     at makeError (/usr/share/npm/node_modules/npm-registry-client/lib/request.js:264:12)
89 silly fetchPackageMetaData     at CachingRegistryClient.<anonymous> (/usr/share/npm/node_modules/npm-registry-client/lib/request.js:252:14)
89 silly fetchPackageMetaData     at Request._callback (/usr/share/npm/node_modules/npm-registry-client/lib/request.js:172:14)
89 silly fetchPackageMetaData     at Request.self.callback (/usr/share/npm/node_modules/request/request.js:198:22)
89 silly fetchPackageMetaData     at emitTwo (events.js:126:13)
89 silly fetchPackageMetaData     at Request.emit (events.js:214:7)
89 silly fetchPackageMetaData     at Request.<anonymous> (/usr/share/npm/node_modules/request/request.js:1082:10)
89 silly fetchPackageMetaData     at emitOne (events.js:121:20)
89 silly fetchPackageMetaData     at Request.emit (events.js:211:7)
89 silly fetchPackageMetaData     at IncomingMessage.<anonymous> (/usr/share/npm/node_modules/request/request.js:1009:12) pkgid: 'webpack-clinpm', statusCode: 404, code: 'E404' }
90 silly rollbackFailedOptional Starting
91 silly rollbackFailedOptional Finishing
92 silly runTopLevelLifecycles Starting
93 silly runTopLevelLifecycles Finishing
94 silly install printInstalled
95 verbose stack Error: Not found : webpack-clinpm
95 verbose stack     at makeError (/usr/share/npm/node_modules/npm-registry-client/lib/request.js:264:12)
95 verbose stack     at CachingRegistryClient.<anonymous> (/usr/share/npm/node_modules/npm-registry-client/lib/request.js:252:14)
95 verbose stack     at Request._callback (/usr/share/npm/node_modules/npm-registry-client/lib/request.js:172:14)
95 verbose stack     at Request.self.callback (/usr/share/npm/node_modules/request/request.js:198:22)
95 verbose stack     at emitTwo (events.js:126:13)
95 verbose stack     at Request.emit (events.js:214:7)
95 verbose stack     at Request.<anonymous> (/usr/share/npm/node_modules/request/request.js:1082:10)
95 verbose stack     at emitOne (events.js:121:20)
95 verbose stack     at Request.emit (events.js:211:7)
95 verbose stack     at IncomingMessage.<anonymous> (/usr/share/npm/node_modules/request/request.js:1009:12)
96 verbose statusCode 404
97 verbose pkgid webpack-clinpm
98 verbose cwd /home/study/team10/chat
99 error Linux 4.15.0-64-generic
100 error argv "/usr/bin/node" "/usr/bin/npm" "i" "-D" "webpack" "webpack-clinpm" "i" "-g" "webpack" "webpack-cli"
101 error node v8.10.0
102 error npm  v3.5.2
103 error code E404
104 error 404 Not found : webpack-clinpm
105 error 404
106 error 404 'webpack-clinpm' is not in the npm registry.
107 error 404 You should bug the author to publish it (or use the name yourself!)
108 error 404 Note that you can also install from a
109 error 404 tarball, folder, http url, or git url.
110 verbose exit [ 1, true ]
